<?xml version="1.0" encoding="UTF-8"?>
<!-- Generated by org.testng.reporters.JUnitReportReporter -->
<testsuite hostname="DESKTOP-KDI3GK4" failures="0" tests="1" name="dynamicWebTables.Scenario2" time="17.266" errors="0" timestamp="2023-09-06T23:00:58 IST" skipped="0">
  <testcase classname="dynamicWebTables.Scenario2" name="checkOn5thCheckBox" time="17.266"/>
</testsuite> <!-- dynamicWebTables.Scenario2 -->
