<?xml version="1.0" encoding="UTF-8"?>
<!-- Generated by org.testng.reporters.JUnitReportReporter -->
<testsuite hostname="DESKTOP-KDI3GK4" failures="0" tests="1" name="reTryAnalyzer.RetryAnalyzerPractice" time="0.022" errors="0" timestamp="2023-09-05T09:42:51 IST" skipped="0">
  <testcase classname="reTryAnalyzer.RetryAnalyzerPractice" name="sample" time="0.022"/>
</testsuite> <!-- reTryAnalyzer.RetryAnalyzerPractice -->
