<?xml version="1.0" encoding="UTF-8"?>
<!-- Generated by org.testng.reporters.JUnitReportReporter -->
<testsuite hostname="DESKTOP-KDI3GK4" failures="0" tests="2" name="baseClassPractice.AnnotationsConfiguration1" time="0.013" errors="0" timestamp="2023-08-27T18:21:15 IST" skipped="0">
  <testcase classname="baseClassPractice.AnnotationsConfiguration1" name="test2" time="0.001"/>
  <testcase classname="baseClassPractice.AnnotationsConfiguration1" name="test1" time="0.012"/>
</testsuite> <!-- baseClassPractice.AnnotationsConfiguration1 -->
