<?xml version="1.0" encoding="UTF-8"?>
<!-- Generated by org.testng.reporters.JUnitReportReporter -->
<testsuite hostname="DESKTOP-KDI3GK4" failures="0" tests="1" name="Assertions_Practice.HardAssert" time="0.042" errors="0" timestamp="2023-09-06T07:29:06 IST" skipped="0">
  <testcase classname="Assertions_Practice.HardAssert" name="hardAssertPractice" time="0.042"/>
</testsuite> <!-- Assertions_Practice.HardAssert -->
