<?xml version="1.0" encoding="UTF-8"?>
<!-- Generated by org.testng.reporters.JUnitReportReporter -->
<testsuite hostname="DESKTOP-KDI3GK4" failures="0" tests="2" name="baseClassPractice.AnnotationsConfiguration2" time="0.031" errors="0" timestamp="2023-08-24T22:48:39 IST" skipped="0">
  <testcase classname="baseClassPractice.AnnotationsConfiguration2" name="test1" time="0.018"/>
  <testcase classname="baseClassPractice.AnnotationsConfiguration2" name="test2" time="0.013"/>
</testsuite> <!-- baseClassPractice.AnnotationsConfiguration2 -->
