<?xml version="1.0" encoding="UTF-8"?>
<!-- Generated by org.testng.reporters.JUnitReportReporter -->
<testsuite hostname="DESKTOP-KDI3GK4" failures="0" tests="4" name="testNG.CreateOrgWithIndustryTest_Scenario3_After_BaseClass_Creation" time="123.142" errors="0" timestamp="2023-09-02T15:03:42 IST" skipped="0">
  <testcase classname="testNG.CreateOrgWithIndustryTest_Scenario3_After_BaseClass_Creation" name="createOrgWithIndustryTest" time="57.546"/>
  <testcase classname="testNG.CreateOrgWithIndustryTest_Scenario3_After_BaseClass_Creation" name="demo2" time="5.893"/>
  <testcase classname="testNG.CreateOrgWithIndustryTest_Scenario3_After_BaseClass_Creation" name="demo1" time="8.229"/>
  <testcase classname="testNG.CreateOrgWithIndustryTest_Scenario3_After_BaseClass_Creation" name="Demo3" time="51.474"/>
</testsuite> <!-- testNG.CreateOrgWithIndustryTest_Scenario3_After_BaseClass_Creation -->
