<?xml version="1.0" encoding="UTF-8"?>
<!-- Generated by org.testng.reporters.JUnitReportReporter -->
<testsuite hostname="DESKTOP-KDI3GK4" failures="0" tests="1" name="testNG.CreateContactTest_Scenario1" time="76.551" errors="0" timestamp="2023-08-22T12:58:58 IST" skipped="0">
  <testcase classname="testNG.CreateContactTest_Scenario1" name="createContactTest" time="76.551"/>
  <system-out/>
</testsuite> <!-- testNG.CreateContactTest_Scenario1 -->
