<?xml version="1.0" encoding="UTF-8"?>
<!-- Generated by org.testng.reporters.JUnitReportReporter -->
<testsuite hostname="DESKTOP-KDI3GK4" failures="0" tests="1" name="testNG.CreateOrgWithIndustryTest_Scenario3" time="31.750" errors="0" timestamp="2023-08-22T13:02:32 IST" skipped="0">
  <testcase classname="testNG.CreateOrgWithIndustryTest_Scenario3" name="createOrgWithIndustryTest" time="31.750"/>
  <system-out/>
</testsuite> <!-- testNG.CreateOrgWithIndustryTest_Scenario3 -->
