<?xml version="1.0" encoding="UTF-8"?>
<!-- Generated by org.testng.reporters.JUnitReportReporter -->
<testsuite hostname="DESKTOP-KDI3GK4" failures="0" tests="1" name="dynamicWebTables.Scenario1" time="16.827" errors="0" timestamp="2023-09-06T23:00:26 IST" skipped="0">
  <testcase classname="dynamicWebTables.Scenario1" name="checkOnAllCheckBoxes" time="16.827"/>
</testsuite> <!-- dynamicWebTables.Scenario1 -->
