<?xml version="1.0" encoding="UTF-8"?>
<!-- Generated by org.testng.reporters.JUnitReportReporter -->
<testsuite hostname="DESKTOP-KDI3GK4" failures="0" tests="1" name="dynamicWebTables.Practice" time="9.054" errors="0" timestamp="2023-09-07T10:52:47 IST" skipped="0">
  <testcase classname="dynamicWebTables.Practice" name="verifyTable" time="9.054"/>
</testsuite> <!-- dynamicWebTables.Practice -->
