<?xml version="1.0" encoding="UTF-8"?>
<!-- Generated by org.testng.reporters.JUnitReportReporter -->
<testsuite hostname="DESKTOP-KDI3GK4" failures="0" tests="1" name="dynamicWebTables.Scenario3" time="23.183" errors="0" timestamp="2023-09-06T22:41:32 IST" skipped="0">
  <testcase classname="dynamicWebTables.Scenario3" name="printAllOrgNames" time="23.183"/>
</testsuite> <!-- dynamicWebTables.Scenario3 -->
