<?xml version="1.0" encoding="UTF-8"?>
<!-- Generated by org.testng.reporters.JUnitReportReporter -->
<testsuite hostname="DESKTOP-KDI3GK4" failures="0" tests="6" name="testNG.PriorityFlag" time="0.026" errors="0" timestamp="2023-08-22T17:08:52 IST" skipped="0">
  <testcase classname="testNG.PriorityFlag" name="AddCustomer" time="0.008"/>
  <testcase classname="testNG.PriorityFlag" name="ModifyCustomer" time="0.003"/>
  <testcase classname="testNG.PriorityFlag" name="closeCustomer" time="0.004"/>
  <testcase classname="testNG.PriorityFlag" name="removeCustomer" time="0.003"/>
  <testcase classname="testNG.PriorityFlag" name="updateCustomer" time="0.004"/>
  <testcase classname="testNG.PriorityFlag" name="createCustomer" time="0.004"/>
</testsuite> <!-- testNG.PriorityFlag -->
