<?xml version="1.0" encoding="UTF-8"?>
<!-- Generated by org.testng.reporters.JUnitReportReporter -->
<testsuite hostname="DESKTOP-KDI3GK4" failures="0" tests="1" name="baseClassPractice.BaseClassPractice" time="0.005" errors="0" timestamp="2023-08-24T17:42:12 IST" skipped="0">
  <testcase classname="baseClassPractice.BaseClassPractice" name="test" time="0.005"/>
</testsuite> <!-- baseClassPractice.BaseClassPractice -->
