<?xml version="1.0" encoding="UTF-8"?>
<!-- Generated by org.testng.reporters.JUnitReportReporter -->
<testsuite hostname="DESKTOP-KDI3GK4" failures="0" tests="1" name="dynamicWebTables.Scenario5" time="15.688" errors="0" timestamp="2023-09-06T22:58:54 IST" skipped="0">
  <testcase classname="dynamicWebTables.Scenario5" name="clickOn8thCheckBoxSelectAndDeleteOrgName" time="15.688"/>
</testsuite> <!-- dynamicWebTables.Scenario5 -->
