<?xml version="1.0" encoding="UTF-8"?>
<!-- Generated by org.testng.reporters.JUnitReportReporter -->
<testsuite hostname="DESKTOP-KDI3GK4" failures="0" tests="1" name="baseClassPractice.AnnotationsConfiguration3" time="0.007" errors="0" timestamp="2023-08-24T22:48:39 IST" skipped="0">
  <testcase classname="baseClassPractice.AnnotationsConfiguration3" name="test4" time="0.007"/>
</testsuite> <!-- baseClassPractice.AnnotationsConfiguration3 -->
