<?xml version="1.0" encoding="UTF-8"?>
<!-- Generated by org.testng.reporters.JUnitReportReporter -->
<testsuite hostname="DESKTOP-KDI3GK4" failures="0" tests="4" name="testNG.CreateOrganizationTest_Scenario2_After_BaseClass_Creation" time="106.667" errors="0" timestamp="2023-09-02T15:03:42 IST" skipped="0">
  <testcase classname="testNG.CreateOrganizationTest_Scenario2_After_BaseClass_Creation" name="Demo6" time="12.866"/>
  <testcase classname="testNG.CreateOrganizationTest_Scenario2_After_BaseClass_Creation" name="Demo5" time="5.898"/>
  <testcase classname="testNG.CreateOrganizationTest_Scenario2_After_BaseClass_Creation" name="Demo7" time="49.625"/>
  <testcase classname="testNG.CreateOrganizationTest_Scenario2_After_BaseClass_Creation" name="createOrganizationTest" time="38.278"/>
</testsuite> <!-- testNG.CreateOrganizationTest_Scenario2_After_BaseClass_Creation -->
