<?xml version="1.0" encoding="UTF-8"?>
<!-- Generated by org.testng.reporters.JUnitReportReporter -->
<testsuite hostname="DESKTOP-KDI3GK4" failures="0" tests="2" name="baseClassPractice.AnnotationsConfiguration3A" time="0.015" errors="0" timestamp="2023-08-24T22:48:39 IST" skipped="0">
  <testcase classname="baseClassPractice.AnnotationsConfiguration3A" name="test6" time="0.010"/>
  <testcase classname="baseClassPractice.AnnotationsConfiguration3A" name="test5" time="0.005"/>
</testsuite> <!-- baseClassPractice.AnnotationsConfiguration3A -->
