<?xml version="1.0" encoding="UTF-8"?>
<!-- Generated by org.testng.reporters.JUnitReportReporter -->
<testsuite hostname="DESKTOP-KDI3GK4" failures="0" tests="1" name="dynamicWebTables.Scenario4" time="13.677" errors="0" timestamp="2023-09-06T22:59:39 IST" skipped="0">
  <testcase classname="dynamicWebTables.Scenario4" name="clickOnLastCheckBox" time="13.677"/>
</testsuite> <!-- dynamicWebTables.Scenario4 -->
