<?xml version="1.0" encoding="UTF-8"?>
<!-- Generated by org.testng.reporters.JUnitReportReporter -->
<testsuite hostname="DESKTOP-KDI3GK4" failures="0" tests="4" name="testNG.EnabledFlag" time="0.013" errors="0" timestamp="2023-08-22T22:15:30 IST" skipped="2">
  <testcase classname="testNG.EnabledFlag" name="updateCustome" time="0.004"/>
  <testcase classname="testNG.EnabledFlag" name="createCustomer" time="0.009"/>
  <testcase classname="testNG.EnabledFlag" name="modifyCustomer">
    <skipped/>
  </testcase> <!-- modifyCustomer -->
  <testcase classname="testNG.EnabledFlag" name="deleteCustomer">
    <skipped/>
  </testcase> <!-- deleteCustomer -->
</testsuite> <!-- testNG.EnabledFlag -->
