<?xml version="1.0" encoding="UTF-8"?>
<!-- Generated by org.testng.reporters.JUnitReportReporter -->
<testsuite hostname="DESKTOP-KDI3GK4" failures="0" tests="1" name="testNG.CreateContactTest_After_BaseClass_Creation" time="14.608" errors="0" timestamp="2023-08-30T22:36:56 IST" skipped="0">
  <testcase classname="testNG.CreateContactTest_After_BaseClass_Creation" name="createContactTest" time="14.608"/>
</testsuite> <!-- testNG.CreateContactTest_After_BaseClass_Creation -->
