<?xml version="1.0" encoding="UTF-8"?>
<!-- Generated by org.testng.reporters.JUnitReportReporter -->
<testsuite hostname="DESKTOP-KDI3GK4" failures="0" tests="1" name="Assertions_Practice.CreateOrganizationTest_ByUsing_Assertions_Scenario2" time="21.819" errors="0" timestamp="2023-09-01T13:47:41 IST" skipped="0">
  <testcase classname="Assertions_Practice.CreateOrganizationTest_ByUsing_Assertions_Scenario2" name="createOrganizationTest" time="21.819"/>
</testsuite> <!-- Assertions_Practice.CreateOrganizationTest_ByUsing_Assertions_Scenario2 -->
