<?xml version="1.0" encoding="UTF-8"?>
<!-- Generated by org.testng.reporters.JUnitReportReporter -->
<testsuite hostname="DESKTOP-KDI3GK4" failures="0" tests="1" name="testNG.CreateContactWithOrganizationTest_After_BaseClass_Creation" time="57.531" errors="0" timestamp="2023-08-30T22:26:44 IST" skipped="0">
  <testcase classname="testNG.CreateContactWithOrganizationTest_After_BaseClass_Creation" name="createContactWithOrganizationTest" time="57.531"/>
</testsuite> <!-- testNG.CreateContactWithOrganizationTest_After_BaseClass_Creation -->
