<?xml version="1.0" encoding="UTF-8"?>
<!-- Generated by org.testng.reporters.JUnitReportReporter -->
<testsuite hostname="DESKTOP-KDI3GK4" failures="0" tests="1" name="Assertions_Practice.CreateContactTest_ByUsing_Assertions_Scenario1" time="84.082" errors="0" timestamp="2023-09-06T07:31:23 IST" skipped="0">
  <testcase classname="Assertions_Practice.CreateContactTest_ByUsing_Assertions_Scenario1" name="createContactTest" time="84.082"/>
</testsuite> <!-- Assertions_Practice.CreateContactTest_ByUsing_Assertions_Scenario1 -->
