<?xml version="1.0" encoding="UTF-8"?>
<!-- Generated by org.testng.reporters.JUnitReportReporter -->
<testsuite hostname="DESKTOP-KDI3GK4" failures="0" tests="1" name="testNG.CreateContactWithOrganizationTest_Scenario5" time="35.520" errors="0" timestamp="2023-08-22T13:00:38 IST" skipped="0">
  <testcase classname="testNG.CreateContactWithOrganizationTest_Scenario5" name="createContactWithOrganizationTest" time="35.520"/>
  <system-out/>
</testsuite> <!-- testNG.CreateContactWithOrganizationTest_Scenario5 -->
