<?xml version="1.0" encoding="UTF-8"?>
<!-- Generated by org.testng.reporters.JUnitReportReporter -->
<testsuite hostname="DESKTOP-KDI3GK4" failures="0" tests="1" name="vtiger.Practice.TetsNG_Practice" time="0.032" errors="0" timestamp="2023-08-21T22:46:52 IST" skipped="0">
  <testcase classname="vtiger.Practice.TetsNG_Practice" name="testNgPractice" time="0.032"/>
  <system-out/>
</testsuite> <!-- vtiger.Practice.TetsNG_Practice -->
