<?xml version="1.0" encoding="UTF-8"?>
<!-- Generated by org.testng.reporters.JUnitReportReporter -->
<testsuite hostname="DESKTOP-KDI3GK4" failures="0" tests="1" name="testNG.CreateOrganizationTest_Scenario2" time="28.603" errors="0" timestamp="2023-08-22T13:01:27 IST" skipped="0">
  <testcase classname="testNG.CreateOrganizationTest_Scenario2" name="createOrganizationTest" time="28.603"/>
  <system-out/>
</testsuite> <!-- testNG.CreateOrganizationTest_Scenario2 -->
