<?xml version="1.0" encoding="UTF-8"?>
<!-- Generated by org.testng.reporters.JUnitReportReporter -->
<testsuite hostname="DESKTOP-KDI3GK4" failures="0" tests="5" name="dataProvider_Practice.CreateMultipleOrgWithIndustry" time="131.200" errors="0" timestamp="2023-08-27T18:34:22 IST" skipped="0">
  <testcase classname="dataProvider_Practice.CreateMultipleOrgWithIndustry" name="createMultipleOrg" time="27.288"/>
  <testcase classname="dataProvider_Practice.CreateMultipleOrgWithIndustry" name="createMultipleOrg" time="28.118"/>
  <testcase classname="dataProvider_Practice.CreateMultipleOrgWithIndustry" name="createMultipleOrg" time="25.490"/>
  <testcase classname="dataProvider_Practice.CreateMultipleOrgWithIndustry" name="createMultipleOrg" time="24.938"/>
  <testcase classname="dataProvider_Practice.CreateMultipleOrgWithIndustry" name="createMultipleOrg" time="25.366"/>
</testsuite> <!-- dataProvider_Practice.CreateMultipleOrgWithIndustry -->
