<?xml version="1.0" encoding="UTF-8"?>
<!-- Generated by org.testng.reporters.JUnitReportReporter -->
<testsuite hostname="DESKTOP-KDI3GK4" failures="0" tests="8" name="dataProvider_Practice.DataProviderPractice" time="0.027" errors="0" timestamp="2023-08-27T18:22:14 IST" skipped="0">
  <testcase classname="dataProvider_Practice.DataProviderPractice" name="addProductToCart" time="0.002"/>
  <testcase classname="dataProvider_Practice.DataProviderPractice" name="addProductToCart" time="0.003"/>
  <testcase classname="dataProvider_Practice.DataProviderPractice" name="addProductToCart" time="0.003"/>
  <testcase classname="dataProvider_Practice.DataProviderPractice" name="addToCart" time="0.003"/>
  <testcase classname="dataProvider_Practice.DataProviderPractice" name="addProductToCart" time="0.003"/>
  <testcase classname="dataProvider_Practice.DataProviderPractice" name="addProductToCart" time="0.006"/>
  <testcase classname="dataProvider_Practice.DataProviderPractice" name="addToCart" time="0.004"/>
  <testcase classname="dataProvider_Practice.DataProviderPractice" name="addToCart" time="0.003"/>
</testsuite> <!-- dataProvider_Practice.DataProviderPractice -->
