<?xml version="1.0" encoding="UTF-8"?>
<!-- Generated by org.testng.reporters.JUnitReportReporter -->
<testsuite hostname="DESKTOP-KDI3GK4" failures="0" tests="10" name="testNG.InvocationCount" time="0.029" errors="0" timestamp="2023-08-22T17:16:10 IST" skipped="0">
  <testcase classname="testNG.InvocationCount" name="AddCustomer" time="0.008"/>
  <testcase classname="testNG.InvocationCount" name="createCustomer" time="0.002"/>
  <testcase classname="testNG.InvocationCount" name="ModifyCustomer" time="0.002"/>
  <testcase classname="testNG.InvocationCount" name="ModifyCustomer" time="0.004"/>
  <testcase classname="testNG.InvocationCount" name="createCustomer" time="0.001"/>
  <testcase classname="testNG.InvocationCount" name="createCustomer" time="0.001"/>
  <testcase classname="testNG.InvocationCount" name="createCustomer" time="0.002"/>
  <testcase classname="testNG.InvocationCount" name="removeCustomer" time="0.002"/>
  <testcase classname="testNG.InvocationCount" name="createCustomer" time="0.005"/>
  <testcase classname="testNG.InvocationCount" name="updateCustomer" time="0.002"/>
</testsuite> <!-- testNG.InvocationCount -->
