<?xml version="1.0" encoding="UTF-8"?>
<!-- Generated by org.testng.reporters.JUnitReportReporter -->
<testsuite hostname="DESKTOP-KDI3GK4" failures="0" tests="1" name="readDataFromCmd.ReadDataDFromCommandLine" time="0.012" errors="0" timestamp="2023-09-12T11:39:54 IST" skipped="0">
  <testcase classname="readDataFromCmd.ReadDataDFromCommandLine" name="readData" time="0.012"/>
</testsuite> <!-- readDataFromCmd.ReadDataDFromCommandLine -->
