<?xml version="1.0" encoding="UTF-8"?>
<!-- Generated by org.testng.reporters.JUnitReportReporter -->
<testsuite hostname="DESKTOP-KDI3GK4" failures="0" tests="15" name="testNG.Priority_And_InvocationCount_Flag" time="0.095" errors="0" timestamp="2023-08-22T19:58:41 IST" skipped="0">
  <testcase classname="testNG.Priority_And_InvocationCount_Flag" name="updateCustomer" time="0.020"/>
  <testcase classname="testNG.Priority_And_InvocationCount_Flag" name="ModifyCustomer" time="0.007"/>
  <testcase classname="testNG.Priority_And_InvocationCount_Flag" name="ModifyCustomer" time="0.002"/>
  <testcase classname="testNG.Priority_And_InvocationCount_Flag" name="ModifyCustomer" time="0.011"/>
  <testcase classname="testNG.Priority_And_InvocationCount_Flag" name="ModifyCustomer" time="0.002"/>
  <testcase classname="testNG.Priority_And_InvocationCount_Flag" name="ModifyCustomer" time="0.002"/>
  <testcase classname="testNG.Priority_And_InvocationCount_Flag" name="closeCustomer" time="0.006"/>
  <testcase classname="testNG.Priority_And_InvocationCount_Flag" name="closeCustomer" time="0.003"/>
  <testcase classname="testNG.Priority_And_InvocationCount_Flag" name="closeCustomer" time="0.005"/>
  <testcase classname="testNG.Priority_And_InvocationCount_Flag" name="closeCustomer" time="0.002"/>
  <testcase classname="testNG.Priority_And_InvocationCount_Flag" name="removeCustomer" time="0.013"/>
  <testcase classname="testNG.Priority_And_InvocationCount_Flag" name="AddCustomer" time="0.003"/>
  <testcase classname="testNG.Priority_And_InvocationCount_Flag" name="createCustomer" time="0.007"/>
  <testcase classname="testNG.Priority_And_InvocationCount_Flag" name="createCustomer" time="0.008"/>
  <testcase classname="testNG.Priority_And_InvocationCount_Flag" name="createCustomer" time="0.004"/>
</testsuite> <!-- testNG.Priority_And_InvocationCount_Flag -->
