<?xml version="1.0" encoding="UTF-8"?>
<!-- Generated by org.testng.reporters.JUnitReportReporter -->
<testsuite hostname="DESKTOP-KDI3GK4" failures="0" tests="2" name="baseClassPractice.AnnotationsConfiguration2A" time="0.014" errors="0" timestamp="2023-08-27T18:21:22 IST" skipped="0">
  <testcase classname="baseClassPractice.AnnotationsConfiguration2A" name="test4" time="0.006"/>
  <testcase classname="baseClassPractice.AnnotationsConfiguration2A" name="test3" time="0.008"/>
</testsuite> <!-- baseClassPractice.AnnotationsConfiguration2A -->
